<?xml version="1.0" encoding="UTF-8"?>
<testsuite xmlns:xsi="http://www.w3.org/2001/XMLSchema-instance" xsi:noNamespaceSchemaLocation="https://maven.apache.org/surefire/maven-surefire-plugin/xsd/surefire-test-report-3.0.xsd" version="3.0" name="com.example.esdemo.service.ElasticsearchServiceTest" time="5.913" tests="3" errors="0" skipped="0" failures="0">
  <properties>
[...]
</properties>
  <testcase name="testSearchProducts" classname="com.example.esdemo.service.ElasticsearchServiceTest" time="0.714">
    <system-out><![CDATA[2026-06-23 21:44:26 [main] INFO  o.testcontainers.images.PullPolicy - Image pull policy will be performed by: DefaultPullPolicy()
2026-06-23 21:44:26 [main] INFO  o.t.utility.ImageNameSubstitutor - Image name substitution will be performed by: DefaultImageNameSubstitutor (composite of 'ConfigurationFileImageNameSubstitutor' and 'PrefixingImageNameSubstitutor')
2026-06-23 21:44:26 [main] INFO  o.t.d.DockerClientProviderStrategy - Found Docker environment with Environment variables, system properties and defaults. Resolved dockerHost=unix:///Users/a1111/.colima/default/docker.sock
2026-06-23 21:44:26 [main] INFO  o.testcontainers.DockerClientFactory - Docker host IP address is localhost
2026-06-23 21:44:26 [main] INFO  o.testcontainers.DockerClientFactory - Connected to docker: 
  Server Version: 29.5.2
  API Version: 1.54
  Operating System: Ubuntu 24.04.4 LTS
  Total Memory: 1958 MB
2026-06-23 21:44:26 [main] WARN  o.t.utility.ResourceReaper - 
********************************************************************************
Ryuk has been disabled. This can cause unexpected behavior in your environment.
********************************************************************************
2026-06-23 21:44:26 [main] INFO  o.testcontainers.DockerClientFactory - Checking the system...
2026-06-23 21:44:26 [main] INFO  o.testcontainers.DockerClientFactory - ✔︎ Docker server version should be at least 1.6.0
2026-06-23 21:44:26 [main] INFO  t.d.e.c.17.10 - Creating container for image: docker.elastic.co/elasticsearch/elasticsearch:7.17.10
2026-06-23 21:44:26 [main] INFO  t.d.e.c.17.10 - Container docker.elastic.co/elasticsearch/elasticsearch:7.17.10 is starting: 6c8ebd295bf42c2d1bd30c34cc1ef0de7670d5ba345c8004d586a9d30e6bbe81
2026-06-23 21:44:31 [main] INFO  t.d.e.c.17.10 - Container docker.elastic.co/elasticsearch/elasticsearch:7.17.10 started in PT4.526337S
2026-06-23 21:44:31 [main] INFO  c.e.e.service.ElasticsearchService - Index 'products' does not exist, skipping deletion.
2026-06-23 21:44:31 [main] INFO  c.e.e.service.ElasticsearchService - Created index 'products'. Acknowledged: true
2026-06-23 21:44:31 [main] INFO  c.e.e.service.ElasticsearchService - Indexed product with ID: 101. Result: Created
2026-06-23 21:44:31 [main] INFO  c.e.e.service.ElasticsearchService - Indexed product with ID: 102. Result: Created
2026-06-23 21:44:31 [main] INFO  c.e.e.service.ElasticsearchService - Indexed product with ID: 103. Result: Created
2026-06-23 21:44:32 [main] INFO  c.e.e.service.ElasticsearchService - Found 2 products matching name: 'Laptop'
2026-06-23 21:44:32 [main] INFO  c.e.e.service.ElasticsearchService - Found 1 products matching name: 'Headphones'
]]></system-out>
    <system-err><![CDATA[6月 23, 2026 9:44:31 下午 org.elasticsearch.client.RestClient logResponse
警告: request [HEAD http://localhost:32776/products] returned 1 warnings: [299 Elasticsearch-7.17.10-fecd68e3150eda0c307ab9a9d7557f5d5fd71349 "Elasticsearch built-in security features are not enabled. Without authentication, your cluster could be accessible to anyone. See https://www.elastic.co/guide/en/elasticsearch/reference/7.17/security-minimal-setup.html to enable security."]
6月 23, 2026 9:44:31 下午 org.elasticsearch.client.RestClient logResponse
警告: request [HEAD http://localhost:32776/products] returned 1 warnings: [299 Elasticsearch-7.17.10-fecd68e3150eda0c307ab9a9d7557f5d5fd71349 "Elasticsearch built-in security features are not enabled. Without authentication, your cluster could be accessible to anyone. See https://www.elastic.co/guide/en/elasticsearch/reference/7.17/security-minimal-setup.html to enable security."]
6月 23, 2026 9:44:31 下午 org.elasticsearch.client.RestClient logResponse
警告: request [PUT http://localhost:32776/products] returned 1 warnings: [299 Elasticsearch-7.17.10-fecd68e3150eda0c307ab9a9d7557f5d5fd71349 "Elasticsearch built-in security features are not enabled. Without authentication, your cluster could be accessible to anyone. See https://www.elastic.co/guide/en/elasticsearch/reference/7.17/security-minimal-setup.html to enable security."]
6月 23, 2026 9:44:31 下午 org.elasticsearch.client.RestClient logResponse
警告: request [PUT http://localhost:32776/products/_doc/101] returned 1 warnings: [299 Elasticsearch-7.17.10-fecd68e3150eda0c307ab9a9d7557f5d5fd71349 "Elasticsearch built-in security features are not enabled. Without authentication, your cluster could be accessible to anyone. See https://www.elastic.co/guide/en/elasticsearch/reference/7.17/security-minimal-setup.html to enable security."]
6月 23, 2026 9:44:31 下午 org.elasticsearch.client.RestClient logResponse
警告: request [PUT http://localhost:32776/products/_doc/102] returned 1 warnings: [299 Elasticsearch-7.17.10-fecd68e3150eda0c307ab9a9d7557f5d5fd71349 "Elasticsearch built-in security features are not enabled. Without authentication, your cluster could be accessible to anyone. See https://www.elastic.co/guide/en/elasticsearch/reference/7.17/security-minimal-setup.html to enable security."]
6月 23, 2026 9:44:31 下午 org.elasticsearch.client.RestClient logResponse
警告: request [PUT http://localhost:32776/products/_doc/103] returned 1 warnings: [299 Elasticsearch-7.17.10-fecd68e3150eda0c307ab9a9d7557f5d5fd71349 "Elasticsearch built-in security features are not enabled. Without authentication, your cluster could be accessible to anyone. See https://www.elastic.co/guide/en/elasticsearch/reference/7.17/security-minimal-setup.html to enable security."]
6月 23, 2026 9:44:31 下午 org.elasticsearch.client.RestClient logResponse
警告: request [POST http://localhost:32776/products/_refresh] returned 1 warnings: [299 Elasticsearch-7.17.10-fecd68e3150eda0c307ab9a9d7557f5d5fd71349 "Elasticsearch built-in security features are not enabled. Without authentication, your cluster could be accessible to anyone. See https://www.elastic.co/guide/en/elasticsearch/reference/7.17/security-minimal-setup.html to enable security."]
6月 23, 2026 9:44:32 下午 org.elasticsearch.client.RestClient logResponse
警告: request [POST http://localhost:32776/products/_search?typed_keys=true] returned 1 warnings: [299 Elasticsearch-7.17.10-fecd68e3150eda0c307ab9a9d7557f5d5fd71349 "Elasticsearch built-in security features are not enabled. Without authentication, your cluster could be accessible to anyone. See https://www.elastic.co/guide/en/elasticsearch/reference/7.17/security-minimal-setup.html to enable security."]
6月 23, 2026 9:44:32 下午 org.elasticsearch.client.RestClient logResponse
警告: request [POST http://localhost:32776/products/_search?typed_keys=true] returned 1 warnings: [299 Elasticsearch-7.17.10-fecd68e3150eda0c307ab9a9d7557f5d5fd71349 "Elasticsearch built-in security features are not enabled. Without authentication, your cluster could be accessible to anyone. See https://www.elastic.co/guide/en/elasticsearch/reference/7.17/security-minimal-setup.html to enable security."]
]]></system-err>
  </testcase>
  <testcase name="testIndexAndGetProduct" classname="com.example.esdemo.service.ElasticsearchServiceTest" time="0.116">
    <system-out><![CDATA[2026-06-23 21:44:32 [main] INFO  c.e.e.service.ElasticsearchService - Deleted index 'products'. Acknowledged: true
2026-06-23 21:44:32 [main] INFO  c.e.e.service.ElasticsearchService - Created index 'products'. Acknowledged: true
2026-06-23 21:44:32 [main] INFO  c.e.e.service.ElasticsearchService - Indexed product with ID: 1. Result: Created
]]></system-out>
    <system-err><![CDATA[6月 23, 2026 9:44:32 下午 org.elasticsearch.client.RestClient logResponse
警告: request [HEAD http://localhost:32776/products] returned 1 warnings: [299 Elasticsearch-7.17.10-fecd68e3150eda0c307ab9a9d7557f5d5fd71349 "Elasticsearch built-in security features are not enabled. Without authentication, your cluster could be accessible to anyone. See https://www.elastic.co/guide/en/elasticsearch/reference/7.17/security-minimal-setup.html to enable security."]
6月 23, 2026 9:44:32 下午 org.elasticsearch.client.RestClient logResponse
警告: request [DELETE http://localhost:32776/products] returned 1 warnings: [299 Elasticsearch-7.17.10-fecd68e3150eda0c307ab9a9d7557f5d5fd71349 "Elasticsearch built-in security features are not enabled. Without authentication, your cluster could be accessible to anyone. See https://www.elastic.co/guide/en/elasticsearch/reference/7.17/security-minimal-setup.html to enable security."]
6月 23, 2026 9:44:32 下午 org.elasticsearch.client.RestClient logResponse
警告: request [HEAD http://localhost:32776/products] returned 1 warnings: [299 Elasticsearch-7.17.10-fecd68e3150eda0c307ab9a9d7557f5d5fd71349 "Elasticsearch built-in security features are not enabled. Without authentication, your cluster could be accessible to anyone. See https://www.elastic.co/guide/en/elasticsearch/reference/7.17/security-minimal-setup.html to enable security."]
6月 23, 2026 9:44:32 下午 org.elasticsearch.client.RestClient logResponse
警告: request [PUT http://localhost:32776/products] returned 1 warnings: [299 Elasticsearch-7.17.10-fecd68e3150eda0c307ab9a9d7557f5d5fd71349 "Elasticsearch built-in security features are not enabled. Without authentication, your cluster could be accessible to anyone. See https://www.elastic.co/guide/en/elasticsearch/reference/7.17/security-minimal-setup.html to enable security."]
6月 23, 2026 9:44:32 下午 org.elasticsearch.client.RestClient logResponse
警告: request [PUT http://localhost:32776/products/_doc/1] returned 1 warnings: [299 Elasticsearch-7.17.10-fecd68e3150eda0c307ab9a9d7557f5d5fd71349 "Elasticsearch built-in security features are not enabled. Without authentication, your cluster could be accessible to anyone. See https://www.elastic.co/guide/en/elasticsearch/reference/7.17/security-minimal-setup.html to enable security."]
6月 23, 2026 9:44:32 下午 org.elasticsearch.client.RestClient logResponse
警告: request [GET http://localhost:32776/products/_doc/1] returned 1 warnings: [299 Elasticsearch-7.17.10-fecd68e3150eda0c307ab9a9d7557f5d5fd71349 "Elasticsearch built-in security features are not enabled. Without authentication, your cluster could be accessible to anyone. See https://www.elastic.co/guide/en/elasticsearch/reference/7.17/security-minimal-setup.html to enable security."]
]]></system-err>
  </testcase>
  <testcase name="testDeleteProduct" classname="com.example.esdemo.service.ElasticsearchServiceTest" time="0.09">
    <system-out><![CDATA[2026-06-23 21:44:32 [main] INFO  c.e.e.service.ElasticsearchService - Deleted index 'products'. Acknowledged: true
2026-06-23 21:44:32 [main] INFO  c.e.e.service.ElasticsearchService - Created index 'products'. Acknowledged: true
2026-06-23 21:44:32 [main] INFO  c.e.e.service.ElasticsearchService - Indexed product with ID: 2. Result: Created
2026-06-23 21:44:32 [main] INFO  c.e.e.service.ElasticsearchService - Deleted product with ID: 2. Result: Deleted
]]></system-out>
    <system-err><![CDATA[6月 23, 2026 9:44:32 下午 org.elasticsearch.client.RestClient logResponse
警告: request [HEAD http://localhost:32776/products] returned 1 warnings: [299 Elasticsearch-7.17.10-fecd68e3150eda0c307ab9a9d7557f5d5fd71349 "Elasticsearch built-in security features are not enabled. Without authentication, your cluster could be accessible to anyone. See https://www.elastic.co/guide/en/elasticsearch/reference/7.17/security-minimal-setup.html to enable security."]
6月 23, 2026 9:44:32 下午 org.elasticsearch.client.RestClient logResponse
警告: request [DELETE http://localhost:32776/products] returned 1 warnings: [299 Elasticsearch-7.17.10-fecd68e3150eda0c307ab9a9d7557f5d5fd71349 "Elasticsearch built-in security features are not enabled. Without authentication, your cluster could be accessible to anyone. See https://www.elastic.co/guide/en/elasticsearch/reference/7.17/security-minimal-setup.html to enable security."]
6月 23, 2026 9:44:32 下午 org.elasticsearch.client.RestClient logResponse
警告: request [HEAD http://localhost:32776/products] returned 1 warnings: [299 Elasticsearch-7.17.10-fecd68e3150eda0c307ab9a9d7557f5d5fd71349 "Elasticsearch built-in security features are not enabled. Without authentication, your cluster could be accessible to anyone. See https://www.elastic.co/guide/en/elasticsearch/reference/7.17/security-minimal-setup.html to enable security."]
6月 23, 2026 9:44:32 下午 org.elasticsearch.client.RestClient logResponse
警告: request [PUT http://localhost:32776/products] returned 1 warnings: [299 Elasticsearch-7.17.10-fecd68e3150eda0c307ab9a9d7557f5d5fd71349 "Elasticsearch built-in security features are not enabled. Without authentication, your cluster could be accessible to anyone. See https://www.elastic.co/guide/en/elasticsearch/reference/7.17/security-minimal-setup.html to enable security."]
6月 23, 2026 9:44:32 下午 org.elasticsearch.client.RestClient logResponse
警告: request [PUT http://localhost:32776/products/_doc/2] returned 1 warnings: [299 Elasticsearch-7.17.10-fecd68e3150eda0c307ab9a9d7557f5d5fd71349 "Elasticsearch built-in security features are not enabled. Without authentication, your cluster could be accessible to anyone. See https://www.elastic.co/guide/en/elasticsearch/reference/7.17/security-minimal-setup.html to enable security."]
6月 23, 2026 9:44:32 下午 org.elasticsearch.client.RestClient logResponse
警告: request [GET http://localhost:32776/products/_doc/2] returned 1 warnings: [299 Elasticsearch-7.17.10-fecd68e3150eda0c307ab9a9d7557f5d5fd71349 "Elasticsearch built-in security features are not enabled. Without authentication, your cluster could be accessible to anyone. See https://www.elastic.co/guide/en/elasticsearch/reference/7.17/security-minimal-setup.html to enable security."]
6月 23, 2026 9:44:32 下午 org.elasticsearch.client.RestClient logResponse
警告: request [DELETE http://localhost:32776/products/_doc/2] returned 1 warnings: [299 Elasticsearch-7.17.10-fecd68e3150eda0c307ab9a9d7557f5d5fd71349 "Elasticsearch built-in security features are not enabled. Without authentication, your cluster could be accessible to anyone. See https://www.elastic.co/guide/en/elasticsearch/reference/7.17/security-minimal-setup.html to enable security."]
6月 23, 2026 9:44:32 下午 org.elasticsearch.client.RestClient logResponse
警告: request [GET http://localhost:32776/products/_doc/2] returned 1 warnings: [299 Elasticsearch-7.17.10-fecd68e3150eda0c307ab9a9d7557f5d5fd71349 "Elasticsearch built-in security features are not enabled. Without authentication, your cluster could be accessible to anyone. See https://www.elastic.co/guide/en/elasticsearch/reference/7.17/security-minimal-setup.html to enable security."]
]]></system-err>
  </testcase>
</testsuite>